@2024-07-12 15:00:01: KBS channel crawling: curl -s ***
@2024-07-12 15:00:08: MBC channel crawling: /navertv/MBC.py
[19209:19227:0712/070011.244872:ERROR:bus.cc(399)] Failed to connect to the bus: Failed to connect to socket /var/run/dbus/system_bus_socket: No such file or directory
[19209:19234:0712/070011.443823:ERROR:bus.cc(399)] Failed to connect to the bus: Failed to connect to socket /var/run/dbus/system_bus_socket: No such file or directory
[19209:19234:0712/070011.444162:ERROR:bus.cc(399)] Failed to connect to the bus: Failed to connect to socket /var/run/dbus/system_bus_socket: No such file or directory
[19209:19227:0712/070011.449972:ERROR:bus.cc(399)] Failed to connect to the bus: Could not parse server address: Unknown address type (examples of valid types are "tcp" and on UNIX "unix")
[19209:19227:0712/070011.450171:ERROR:bus.cc(399)] Failed to connect to the bus: Could not parse server address: Unknown address type (examples of valid types are "tcp" and on UNIX "unix")
[19209:19209:0712/070011.463626:ERROR:chrome_browser_cloud_management_controller.cc(162)] Cloud management controller initialization aborted as CBCM is not enabled.
[19209:19227:0712/070011.485133:ERROR:bus.cc(399)] Failed to connect to the bus: Could not parse server address: Unknown address type (examples of valid types are "tcp" and on UNIX "unix")
[19209:19227:0712/070011.485340:ERROR:bus.cc(399)] Failed to connect to the bus: Could not parse server address: Unknown address type (examples of valid types are "tcp" and on UNIX "unix")
[19209:19227:0712/070011.593300:ERROR:bus.cc(399)] Failed to connect to the bus: Could not parse server address: Unknown address type (examples of valid types are "tcp" and on UNIX "unix")
[19209:19227:0712/070011.593573:ERROR:bus.cc(399)] Failed to connect to the bus: Could not parse server address: Unknown address type (examples of valid types are "tcp" and on UNIX "unix")
[19241:19241:0712/070011.700302:ERROR:gpu_memory_buffer_support_x11.cc(49)] dri3 extension not supported.
[19209:19306:0712/070011.907075:ERROR:bus.cc(399)] Failed to connect to the bus: Failed to connect to socket /var/run/dbus/system_bus_socket: No such file or directory
[19209:19306:0712/070011.907421:ERROR:bus.cc(399)] Failed to connect to the bus: Failed to connect to socket /var/run/dbus/system_bus_socket: No such file or directory
[19209:19306:0712/070011.907793:ERROR:bus.cc(399)] Failed to connect to the bus: Failed to connect to socket /var/run/dbus/system_bus_socket: No such file or directory
[19209:19306:0712/070011.908149:ERROR:bus.cc(399)] Failed to connect to the bus: Failed to connect to socket /var/run/dbus/system_bus_socket: No such file or directory
[19209:19306:0712/070011.908500:ERROR:bus.cc(399)] Failed to connect to the bus: Failed to connect to socket /var/run/dbus/system_bus_socket: No such file or directory
[19242:19265:0712/070015.095273:ERROR:ssl_client_socket_impl.cc(992)] handshake failed; returned -1, SSL error code 1, net_error -100
[19242:19265:0712/070015.159834:ERROR:ssl_client_socket_impl.cc(992)] handshake failed; returned -1, SSL error code 1, net_error -100
[19242:19265:0712/070015.161733:ERROR:ssl_client_socket_impl.cc(992)] handshake failed; returned -1, SSL error code 1, net_error -100
[19242:19265:0712/070015.164886:ERROR:ssl_client_socket_impl.cc(992)] handshake failed; returned -1, SSL error code 1, net_error -100
[19242:19265:0712/070015.175795:ERROR:ssl_client_socket_impl.cc(992)] handshake failed; returned -1, SSL error code 1, net_error -100
[19242:19265:0712/070015.262453:ERROR:ssl_client_socket_impl.cc(992)] handshake failed; returned -1, SSL error code 1, net_error -100
[19242:19265:0712/070015.458528:ERROR:ssl_client_socket_impl.cc(992)] handshake failed; returned -1, SSL error code 1, net_error -100
[19242:19265:0712/070015.462344:ERROR:ssl_client_socket_impl.cc(992)] handshake failed; returned -1, SSL error code 1, net_error -100
[19242:19265:0712/070015.523569:ERROR:ssl_client_socket_impl.cc(992)] handshake failed; returned -1, SSL error code 1, net_error -100
[19242:19265:0712/070015.529823:ERROR:ssl_client_socket_impl.cc(992)] handshake failed; returned -1, SSL error code 1, net_error -100
[19242:19265:0712/070015.572448:ERROR:ssl_client_socket_impl.cc(992)] handshake failed; returned -1, SSL error code 1, net_error -100
[19242:19265:0712/070015.582966:ERROR:ssl_client_socket_impl.cc(992)] handshake failed; returned -1, SSL error code 1, net_error -100
[19242:19265:0712/070015.642472:ERROR:ssl_client_socket_impl.cc(992)] handshake failed; returned -1, SSL error code 1, net_error -100
[19242:19265:0712/070015.652292:ERROR:ssl_client_socket_impl.cc(992)] handshake failed; returned -1, SSL error code 1, net_error -100
[19242:19265:0712/070015.949540:ERROR:ssl_client_socket_impl.cc(992)] handshake failed; returned -1, SSL error code 1, net_error -100
[19242:19265:0712/070015.987046:ERROR:ssl_client_socket_impl.cc(992)] handshake failed; returned -1, SSL error code 1, net_error -100
[19242:19265:0712/070016.041667:ERROR:ssl_client_socket_impl.cc(992)] handshake failed; returned -1, SSL error code 1, net_error -100
[19242:19265:0712/070016.042443:ERROR:ssl_client_socket_impl.cc(992)] handshake failed; returned -1, SSL error code 1, net_error -100
[19242:19265:0712/070016.050745:ERROR:ssl_client_socket_impl.cc(992)] handshake failed; returned -1, SSL error code 1, net_error -100
[19242:19265:0712/070016.104450:ERROR:ssl_client_socket_impl.cc(992)] handshake failed; returned -1, SSL error code 1, net_error -100
[19242:19265:0712/070016.405479:ERROR:ssl_client_socket_impl.cc(992)] handshake failed; returned -1, SSL error code 1, net_error -100
[19242:19265:0712/070016.458019:ERROR:ssl_client_socket_impl.cc(992)] handshake failed; returned -1, SSL error code 1, net_error -100
[19242:19265:0712/070016.469665:ERROR:ssl_client_socket_impl.cc(992)] handshake failed; returned -1, SSL error code 1, net_error -100
[19242:19265:0712/070016.505328:ERROR:ssl_client_socket_impl.cc(992)] handshake failed; returned -1, SSL error code 1, net_error -100
[19242:19265:0712/070016.527744:ERROR:ssl_client_socket_impl.cc(992)] handshake failed; returned -1, SSL error code 1, net_error -100
[19242:19265:0712/070016.539102:ERROR:ssl_client_socket_impl.cc(992)] handshake failed; returned -1, SSL error code 1, net_error -100
[19242:19265:0712/070016.778756:ERROR:ssl_client_socket_impl.cc(992)] handshake failed; returned -1, SSL error code 1, net_error -100
[19242:19265:0712/070016.879183:ERROR:ssl_client_socket_impl.cc(992)] handshake failed; returned -1, SSL error code 1, net_error -100
[19242:19265:0712/070016.937480:ERROR:ssl_client_socket_impl.cc(992)] handshake failed; returned -1, SSL error code 1, net_error -100
[19242:19265:0712/070016.939527:ERROR:ssl_client_socket_impl.cc(992)] handshake failed; returned -1, SSL error code 1, net_error -100
[19242:19265:0712/070016.950651:ERROR:ssl_client_socket_impl.cc(992)] handshake failed; returned -1, SSL error code 1, net_error -100
[19242:19265:0712/070016.988984:ERROR:ssl_client_socket_impl.cc(992)] handshake failed; returned -1, SSL error code 1, net_error -100
[19242:19265:0712/070017.241032:ERROR:ssl_client_socket_impl.cc(992)] handshake failed; returned -1, SSL error code 1, net_error -100
[19242:19265:0712/070017.359450:ERROR:ssl_client_socket_impl.cc(992)] handshake failed; returned -1, SSL error code 1, net_error -100
[19242:19265:0712/070017.394877:ERROR:ssl_client_socket_impl.cc(992)] handshake failed; returned -1, SSL error code 1, net_error -100
[19242:19265:0712/070017.438938:ERROR:ssl_client_socket_impl.cc(992)] handshake failed; returned -1, SSL error code 1, net_error -100
[19242:19265:0712/070017.445715:ERROR:ssl_client_socket_impl.cc(992)] handshake failed; returned -1, SSL error code 1, net_error -100
[19242:19265:0712/070017.544089:ERROR:ssl_client_socket_impl.cc(992)] handshake failed; returned -1, SSL error code 1, net_error -100
[19242:19265:0712/070017.662449:ERROR:ssl_client_socket_impl.cc(992)] handshake failed; returned -1, SSL error code 1, net_error -100
[19242:19265:0712/070017.792471:ERROR:ssl_client_socket_impl.cc(992)] handshake failed; returned -1, SSL error code 1, net_error -100
[19242:19265:0712/070017.828749:ERROR:ssl_client_socket_impl.cc(992)] handshake failed; returned -1, SSL error code 1, net_error -100
[19242:19265:0712/070017.885939:ERROR:ssl_client_socket_impl.cc(992)] handshake failed; returned -1, SSL error code 1, net_error -100
[19242:19265:0712/070017.972035:ERROR:ssl_client_socket_impl.cc(992)] handshake failed; returned -1, SSL error code 1, net_error -100
[19242:19265:0712/070018.010880:ERROR:ssl_client_socket_impl.cc(992)] handshake failed; returned -1, SSL error code 1, net_error -100
[19242:19265:0712/070018.119759:ERROR:ssl_client_socket_impl.cc(992)] handshake failed; returned -1, SSL error code 1, net_error -100
[19242:19265:0712/070018.262405:ERROR:ssl_client_socket_impl.cc(992)] handshake failed; returned -1, SSL error code 1, net_error -100
[19242:19265:0712/070018.329369:ERROR:ssl_client_socket_impl.cc(992)] handshake failed; returned -1, SSL error code 1, net_error -100
[19242:19265:0712/070018.379579:ERROR:ssl_client_socket_impl.cc(992)] handshake failed; returned -1, SSL error code 1, net_error -100
[19242:19265:0712/070018.476375:ERROR:ssl_client_socket_impl.cc(992)] handshake failed; returned -1, SSL error code 1, net_error -100
[19242:19265:0712/070018.501298:ERROR:ssl_client_socket_impl.cc(992)] handshake failed; returned -1, SSL error code 1, net_error -100
[19242:19265:0712/070028.946726:ERROR:ssl_client_socket_impl.cc(992)] handshake failed; returned -1, SSL error code 1, net_error -100
[19242:19265:0712/070029.419147:ERROR:ssl_client_socket_impl.cc(992)] handshake failed; returned -1, SSL error code 1, net_error -100
[19242:19265:0712/070031.027433:ERROR:ssl_client_socket_impl.cc(992)] handshake failed; returned -1, SSL error code 1, net_error -100
[19242:19265:0712/070031.034913:ERROR:ssl_client_socket_impl.cc(992)] handshake failed; returned -1, SSL error code 1, net_error -100
[19242:19265:0712/070031.046259:ERROR:ssl_client_socket_impl.cc(992)] handshake failed; returned -1, SSL error code 1, net_error -100
[19242:19265:0712/070031.049321:ERROR:ssl_client_socket_impl.cc(992)] handshake failed; returned -1, SSL error code 1, net_error -100
[19242:19265:0712/070031.285123:ERROR:ssl_client_socket_impl.cc(992)] handshake failed; returned -1, SSL error code 1, net_error -100
[19242:19265:0712/070031.297115:ERROR:ssl_client_socket_impl.cc(992)] handshake failed; returned -1, SSL error code 1, net_error -100
[19242:19265:0712/070031.471727:ERROR:ssl_client_socket_impl.cc(992)] handshake failed; returned -1, SSL error code 1, net_error -100
[19242:19265:0712/070031.473701:ERROR:ssl_client_socket_impl.cc(992)] handshake failed; returned -1, SSL error code 1, net_error -100
[19242:19265:0712/070031.475931:ERROR:ssl_client_socket_impl.cc(992)] handshake failed; returned -1, SSL error code 1, net_error -100
[19242:19265:0712/070031.509396:ERROR:ssl_client_socket_impl.cc(992)] handshake failed; returned -1, SSL error code 1, net_error -100
[19242:19265:0712/070031.712599:ERROR:ssl_client_socket_impl.cc(992)] handshake failed; returned -1, SSL error code 1, net_error -100
[19242:19265:0712/070031.747918:ERROR:ssl_client_socket_impl.cc(992)] handshake failed; returned -1, SSL error code 1, net_error -100
[19242:19265:0712/070031.862069:ERROR:ssl_client_socket_impl.cc(992)] handshake failed; returned -1, SSL error code 1, net_error -100
[19242:19265:0712/070031.895604:ERROR:ssl_client_socket_impl.cc(992)] handshake failed; returned -1, SSL error code 1, net_error -100
[19242:19265:0712/070031.927629:ERROR:ssl_client_socket_impl.cc(992)] handshake failed; returned -1, SSL error code 1, net_error -100
[19242:19265:0712/070031.945722:ERROR:ssl_client_socket_impl.cc(992)] handshake failed; returned -1, SSL error code 1, net_error -100
[19242:19265:0712/070032.149128:ERROR:ssl_client_socket_impl.cc(992)] handshake failed; returned -1, SSL error code 1, net_error -100
[19242:19265:0712/070032.219614:ERROR:ssl_client_socket_impl.cc(992)] handshake failed; returned -1, SSL error code 1, net_error -100
[19242:19265:0712/070032.274187:ERROR:ssl_client_socket_impl.cc(992)] handshake failed; returned -1, SSL error code 1, net_error -100
[19242:19265:0712/070032.370341:ERROR:ssl_client_socket_impl.cc(992)] handshake failed; returned -1, SSL error code 1, net_error -100
[19242:19265:0712/070032.402114:ERROR:ssl_client_socket_impl.cc(992)] handshake failed; returned -1, SSL error code 1, net_error -100
[19242:19265:0712/070032.436956:ERROR:ssl_client_socket_impl.cc(992)] handshake failed; returned -1, SSL error code 1, net_error -100
[19242:19265:0712/070032.584772:ERROR:ssl_client_socket_impl.cc(992)] handshake failed; returned -1, SSL error code 1, net_error -100
[19242:19265:0712/070032.638534:ERROR:ssl_client_socket_impl.cc(992)] handshake failed; returned -1, SSL error code 1, net_error -100
[19242:19265:0712/070032.688924:ERROR:ssl_client_socket_impl.cc(992)] handshake failed; returned -1, SSL error code 1, net_error -100
[19242:19265:0712/070032.820819:ERROR:ssl_client_socket_impl.cc(992)] handshake failed; returned -1, SSL error code 1, net_error -100
[19242:19265:0712/070032.858594:ERROR:ssl_client_socket_impl.cc(992)] handshake failed; returned -1, SSL error code 1, net_error -100
[19242:19265:0712/070032.869708:ERROR:ssl_client_socket_impl.cc(992)] handshake failed; returned -1, SSL error code 1, net_error -100
[19242:19265:0712/070033.007201:ERROR:ssl_client_socket_impl.cc(992)] handshake failed; returned -1, SSL error code 1, net_error -100
[19242:19265:0712/070033.062904:ERROR:ssl_client_socket_impl.cc(992)] handshake failed; returned -1, SSL error code 1, net_error -100
[19242:19265:0712/070033.137015:ERROR:ssl_client_socket_impl.cc(992)] handshake failed; returned -1, SSL error code 1, net_error -100
[19242:19265:0712/070033.297145:ERROR:ssl_client_socket_impl.cc(992)] handshake failed; returned -1, SSL error code 1, net_error -100
[19242:19265:0712/070033.382399:ERROR:ssl_client_socket_impl.cc(992)] handshake failed; returned -1, SSL error code 1, net_error -100
[19242:19265:0712/070033.399768:ERROR:ssl_client_socket_impl.cc(992)] handshake failed; returned -1, SSL error code 1, net_error -100
[19242:19265:0712/070033.540138:ERROR:ssl_client_socket_impl.cc(992)] handshake failed; returned -1, SSL error code 1, net_error -100
[19242:19265:0712/070033.544221:ERROR:ssl_client_socket_impl.cc(992)] handshake failed; returned -1, SSL error code 1, net_error -100
[19242:19265:0712/070033.578937:ERROR:ssl_client_socket_impl.cc(992)] handshake failed; returned -1, SSL error code 1, net_error -100
[19242:19265:0712/070033.806084:ERROR:ssl_client_socket_impl.cc(992)] handshake failed; returned -1, SSL error code 1, net_error -100
[19242:19265:0712/070033.924583:ERROR:ssl_client_socket_impl.cc(992)] handshake failed; returned -1, SSL error code 1, net_error -100
[19242:19265:0712/070033.984285:ERROR:ssl_client_socket_impl.cc(992)] handshake failed; returned -1, SSL error code 1, net_error -100
[19242:19265:0712/070034.085868:ERROR:ssl_client_socket_impl.cc(992)] handshake failed; returned -1, SSL error code 1, net_error -100
[19242:19265:0712/070034.091068:ERROR:ssl_client_socket_impl.cc(992)] handshake failed; returned -1, SSL error code 1, net_error -100
[19242:19265:0712/070034.110947:ERROR:ssl_client_socket_impl.cc(992)] handshake failed; returned -1, SSL error code 1, net_error -100
[19242:19265:0712/070034.265616:ERROR:ssl_client_socket_impl.cc(992)] handshake failed; returned -1, SSL error code 1, net_error -100
[19242:19265:0712/070034.367985:ERROR:ssl_client_socket_impl.cc(992)] handshake failed; returned -1, SSL error code 1, net_error -100
[19242:19265:0712/070034.390635:ERROR:ssl_client_socket_impl.cc(992)] handshake failed; returned -1, SSL error code 1, net_error -100
[19242:19265:0712/070034.522878:ERROR:ssl_client_socket_impl.cc(992)] handshake failed; returned -1, SSL error code 1, net_error -100
[19242:19265:0712/070034.546528:ERROR:ssl_client_socket_impl.cc(992)] handshake failed; returned -1, SSL error code 1, net_error -100
[19242:19265:0712/070034.549855:ERROR:ssl_client_socket_impl.cc(992)] handshake failed; returned -1, SSL error code 1, net_error -100
[19242:19265:0712/070034.631548:ERROR:ssl_client_socket_impl.cc(992)] handshake failed; returned -1, SSL error code 1, net_error -100
[19242:19265:0712/070034.703312:ERROR:ssl_client_socket_impl.cc(992)] handshake failed; returned -1, SSL error code 1, net_error -100
[19242:19265:0712/070034.704619:ERROR:ssl_client_socket_impl.cc(992)] handshake failed; returned -1, SSL error code 1, net_error -100
[19242:19265:0712/070034.832500:ERROR:ssl_client_socket_impl.cc(992)] handshake failed; returned -1, SSL error code 1, net_error -101
[19242:19265:0712/070034.835812:ERROR:ssl_client_socket_impl.cc(992)] handshake failed; returned -1, SSL error code 1, net_error -101
[19242:19265:0712/070034.836940:ERROR:ssl_client_socket_impl.cc(992)] handshake failed; returned -1, SSL error code 1, net_error -101
[19242:19265:0712/070034.944265:ERROR:ssl_client_socket_impl.cc(992)] handshake failed; returned -1, SSL error code 1, net_error -100
[19242:19265:0712/070034.951097:ERROR:ssl_client_socket_impl.cc(992)] handshake failed; returned -1, SSL error code 1, net_error -100
[19242:19265:0712/070034.965358:ERROR:ssl_client_socket_impl.cc(992)] handshake failed; returned -1, SSL error code 1, net_error -100
[19242:19265:0712/070035.146640:ERROR:ssl_client_socket_impl.cc(992)] handshake failed; returned -1, SSL error code 1, net_error -100
[19242:19265:0712/070035.153858:ERROR:ssl_client_socket_impl.cc(992)] handshake failed; returned -1, SSL error code 1, net_error -100
[19242:19265:0712/070035.189231:ERROR:ssl_client_socket_impl.cc(992)] handshake failed; returned -1, SSL error code 1, net_error -101
[19242:19265:0712/070035.244774:ERROR:ssl_client_socket_impl.cc(992)] handshake failed; returned -1, SSL error code 1, net_error -100
[19242:19265:0712/070035.281538:ERROR:ssl_client_socket_impl.cc(992)] handshake failed; returned -1, SSL error code 1, net_error -100
[19242:19265:0712/070035.461697:ERROR:ssl_client_socket_impl.cc(992)] handshake failed; returned -1, SSL error code 1, net_error -101
[19242:19265:0712/070035.514124:ERROR:ssl_client_socket_impl.cc(992)] handshake failed; returned -1, SSL error code 1, net_error -100
[19242:19265:0712/070035.515619:ERROR:ssl_client_socket_impl.cc(992)] handshake failed; returned -1, SSL error code 1, net_error -101
[19242:19265:0712/070035.523603:ERROR:ssl_client_socket_impl.cc(992)] handshake failed; returned -1, SSL error code 1, net_error -101
[19242:19265:0712/070035.558366:ERROR:ssl_client_socket_impl.cc(992)] handshake failed; returned -1, SSL error code 1, net_error -101
[19242:19265:0712/070035.602767:ERROR:ssl_client_socket_impl.cc(992)] handshake failed; returned -1, SSL error code 1, net_error -101
[19242:19265:0712/070035.642986:ERROR:ssl_client_socket_impl.cc(992)] handshake failed; returned -1, SSL error code 1, net_error -101
[19242:19265:0712/070035.765732:ERROR:ssl_client_socket_impl.cc(992)] handshake failed; returned -1, SSL error code 1, net_error -100
[19242:19265:0712/070035.809277:ERROR:ssl_client_socket_impl.cc(992)] handshake failed; returned -1, SSL error code 1, net_error -100
[19242:19265:0712/070035.831615:ERROR:ssl_client_socket_impl.cc(992)] handshake failed; returned -1, SSL error code 1, net_error -100
[19242:19265:0712/070035.832966:ERROR:ssl_client_socket_impl.cc(992)] handshake failed; returned -1, SSL error code 1, net_error -100
[19242:19265:0712/070035.872717:ERROR:ssl_client_socket_impl.cc(992)] handshake failed; returned -1, SSL error code 1, net_error -101
[19242:19265:0712/070035.965238:ERROR:ssl_client_socket_impl.cc(992)] handshake failed; returned -1, SSL error code 1, net_error -100
[19242:19265:0712/070035.980641:ERROR:ssl_client_socket_impl.cc(992)] handshake failed; returned -1, SSL error code 1, net_error -101
[19242:19265:0712/070036.327258:ERROR:ssl_client_socket_impl.cc(992)] handshake failed; returned -1, SSL error code 1, net_error -100
[19242:19265:0712/070036.338479:ERROR:ssl_client_socket_impl.cc(992)] handshake failed; returned -1, SSL error code 1, net_error -100
[19242:19265:0712/070036.339964:ERROR:ssl_client_socket_impl.cc(992)] handshake failed; returned -1, SSL error code 1, net_error -100
[19242:19265:0712/070036.556227:ERROR:ssl_client_socket_impl.cc(992)] handshake failed; returned -1, SSL error code 1, net_error -101
[19242:19265:0712/070036.657342:ERROR:ssl_client_socket_impl.cc(992)] handshake failed; returned -1, SSL error code 1, net_error -100
[19242:19265:0712/070036.659933:ERROR:ssl_client_socket_impl.cc(992)] handshake failed; returned -1, SSL error code 1, net_error -100
[19242:19265:0712/070036.662447:ERROR:ssl_client_socket_impl.cc(992)] handshake failed; returned -1, SSL error code 1, net_error -100
[19242:19265:0712/070036.879240:ERROR:ssl_client_socket_impl.cc(992)] handshake failed; returned -1, SSL error code 1, net_error -100
[19242:19265:0712/070036.969788:ERROR:ssl_client_socket_impl.cc(992)] handshake failed; returned -1, SSL error code 1, net_error -101
[19242:19265:0712/070037.008811:ERROR:ssl_client_socket_impl.cc(992)] handshake failed; returned -1, SSL error code 1, net_error -100
[19242:19265:0712/070037.010608:ERROR:ssl_client_socket_impl.cc(992)] handshake failed; returned -1, SSL error code 1, net_error -100
[19242:19265:0712/070037.035098:ERROR:ssl_client_socket_impl.cc(992)] handshake failed; returned -1, SSL error code 1, net_error -101
[19242:19265:0712/070037.048330:ERROR:ssl_client_socket_impl.cc(992)] handshake failed; returned -1, SSL error code 1, net_error -101
[19242:19265:0712/070037.222066:ERROR:ssl_client_socket_impl.cc(992)] handshake failed; returned -1, SSL error code 1, net_error -100
[19242:19265:0712/070037.325992:ERROR:ssl_client_socket_impl.cc(992)] handshake failed; returned -1, SSL error code 1, net_error -100
[19242:19265:0712/070037.327995:ERROR:ssl_client_socket_impl.cc(992)] handshake failed; returned -1, SSL error code 1, net_error -100
[19242:19265:0712/070037.375581:ERROR:ssl_client_socket_impl.cc(992)] handshake failed; returned -1, SSL error code 1, net_error -101
[19242:19265:0712/070037.390187:ERROR:ssl_client_socket_impl.cc(992)] handshake failed; returned -1, SSL error code 1, net_error -100
[19242:19265:0712/070037.635224:ERROR:ssl_client_socket_impl.cc(992)] handshake failed; returned -1, SSL error code 1, net_error -100
[19242:19265:0712/070037.653693:ERROR:ssl_client_socket_impl.cc(992)] handshake failed; returned -1, SSL error code 1, net_error -100
[19242:19265:0712/070037.676353:ERROR:ssl_client_socket_impl.cc(992)] handshake failed; returned -1, SSL error code 1, net_error -100
[19242:19265:0712/070037.710926:ERROR:ssl_client_socket_impl.cc(992)] handshake failed; returned -1, SSL error code 1, net_error -101
[19242:19265:0712/070037.744190:ERROR:ssl_client_socket_impl.cc(992)] handshake failed; returned -1, SSL error code 1, net_error -101
[19242:19265:0712/070037.986758:ERROR:ssl_client_socket_impl.cc(992)] handshake failed; returned -1, SSL error code 1, net_error -100
[19242:19265:0712/070037.988240:ERROR:ssl_client_socket_impl.cc(992)] handshake failed; returned -1, SSL error code 1, net_error -100
[19242:19265:0712/070038.036986:ERROR:ssl_client_socket_impl.cc(992)] handshake failed; returned -1, SSL error code 1, net_error -100
[19242:19265:0712/070038.106854:ERROR:ssl_client_socket_impl.cc(992)] handshake failed; returned -1, SSL error code 1, net_error -101
[19242:19265:0712/070038.107506:ERROR:ssl_client_socket_impl.cc(992)] handshake failed; returned -1, SSL error code 1, net_error -100
[19242:19265:0712/070038.391401:ERROR:ssl_client_socket_impl.cc(992)] handshake failed; returned -1, SSL error code 1, net_error -100
[19242:19265:0712/070038.434819:ERROR:ssl_client_socket_impl.cc(992)] handshake failed; returned -1, SSL error code 1, net_error -100
[19242:19265:0712/070038.550556:ERROR:ssl_client_socket_impl.cc(992)] handshake failed; returned -1, SSL error code 1, net_error -100
[19242:19265:0712/070038.552023:ERROR:ssl_client_socket_impl.cc(992)] handshake failed; returned -1, SSL error code 1, net_error -100
[19242:19265:0712/070038.553417:ERROR:ssl_client_socket_impl.cc(992)] handshake failed; returned -1, SSL error code 1, net_error -101
[19242:19265:0712/070038.574030:ERROR:ssl_client_socket_impl.cc(992)] handshake failed; returned -1, SSL error code 1, net_error -101
[19242:19265:0712/070038.575981:ERROR:ssl_client_socket_impl.cc(992)] handshake failed; returned -1, SSL error code 1, net_error -101
[19242:19265:0712/070038.626154:ERROR:ssl_client_socket_impl.cc(992)] handshake failed; returned -1, SSL error code 1, net_error -101
[19242:19265:0712/070038.638897:ERROR:ssl_client_socket_impl.cc(992)] handshake failed; returned -1, SSL error code 1, net_error -101
[19242:19265:0712/070038.639680:ERROR:ssl_client_socket_impl.cc(992)] handshake failed; returned -1, SSL error code 1, net_error -101
[19242:19265:0712/070038.819278:ERROR:ssl_client_socket_impl.cc(992)] handshake failed; returned -1, SSL error code 1, net_error -100
[19242:19265:0712/070038.965586:ERROR:ssl_client_socket_impl.cc(992)] handshake failed; returned -1, SSL error code 1, net_error -100
[19242:19265:0712/070039.013264:ERROR:ssl_client_socket_impl.cc(992)] handshake failed; returned -1, SSL error code 1, net_error -100
[19242:19265:0712/070039.014822:ERROR:ssl_client_socket_impl.cc(992)] handshake failed; returned -1, SSL error code 1, net_error -100
[19242:19265:0712/070039.021317:ERROR:ssl_client_socket_impl.cc(992)] handshake failed; returned -1, SSL error code 1, net_error -100
[19242:19265:0712/070039.067418:ERROR:ssl_client_socket_impl.cc(992)] handshake failed; returned -1, SSL error code 1, net_error -101
[19242:19265:0712/070039.808908:ERROR:ssl_client_socket_impl.cc(992)] handshake failed; returned -1, SSL error code 1, net_error -100
[19242:19265:0712/070040.131840:ERROR:ssl_client_socket_impl.cc(992)] handshake failed; returned -1, SSL error code 1, net_error -101
[19242:19265:0712/070040.876064:ERROR:ssl_client_socket_impl.cc(992)] handshake failed; returned -1, SSL error code 1, net_error -101
[19242:19265:0712/070040.911443:ERROR:ssl_client_socket_impl.cc(992)] handshake failed; returned -1, SSL error code 1, net_error -101
[19242:19265:0712/070041.112595:ERROR:ssl_client_socket_impl.cc(992)] handshake failed; returned -1, SSL error code 1, net_error -101
[19242:19265:0712/070041.132260:ERROR:ssl_client_socket_impl.cc(992)] handshake failed; returned -1, SSL error code 1, net_error -101
[19242:19265:0712/070041.173884:ERROR:ssl_client_socket_impl.cc(992)] handshake failed; returned -1, SSL error code 1, net_error -101
*** stack smashing detected ***: <unknown> terminated
/usr/lib/python3/dist-packages/requests/__init__.py:78: RequestsDependencyWarning: urllib3 (2.2.1) or chardet (3.0.4) doesn't match a supported version!
  warnings.warn("urllib3 ({0}) or chardet ({1}) doesn't match a supported "
MBC Source List is:  0 MBC None True
MBC Source List is:  2 MBC every1 None True
MBC Source List is:  1 MBC DRAMA None True
MBC Source List is:  3 MBC M None True
MBC Source List is:  6 MBC ON None True
MBC Source List is:  sfm 표준FM None False
MBC Source List is:  mfm FM4U None False
MBC Source List is:  chm 올댓뮤직 None False
[+] Decrypting /root/.config/chromium/Default/Cookies with domain filter '%imbc.com%' (linux)
MBC https://ottlivesd.imbc.com/ottlive_sd/_definst_/ottlive_sd.stream/chunklist.m3u8?_lsu_sa_=6C01BB16232E37B4644135FD3381FA4B355B3DB5780282423370D7aDB60D322643a3A3163262864970BB3BF11FbA11C164A10040828DE7C7697B1742BE330E3220D094653BA69358F9E860B181919F0E669E0928852C8BDE3C971B0A6D3B8F015F1A157FE39B59B3830584D2A270CFD1F936551D7B607B6EA14DFBF5E2A64FC6&v=3
[+] Decrypting /root/.config/chromium/Default/Cookies with domain filter '%imbc.com%' (linux)
MBC드라마 https://dramaottsd.imbc.com/plus_drama_sd/_definst_/drama_sd.stream/chunklist.m3u8?_lsu_sa_=6C213C1F838D32B4B644A5863CE1FD4865F739952C0402A136100Fa896E331265Da2835D3CB2C54AA05C39A12DbD81BE38F4797E3635B9FD8CFBC536049FAA75EFECD85F60CFF7950CCCDE55C451AF18CC2F27117E5EB730C40C6C5796E9D4139D73FF17CD0E09D04E74D270063E0AB4022CE0E3F9D6C2BB6886F29CFA1E19C5&v=3
[+] Decrypting /root/.config/chromium/Default/Cookies with domain filter '%imbc.com%' (linux)
MBC Every1 https://every1ottsd.imbc.com/plus_every1_sd/_definst_/every1_sd.stream/chunklist.m3u8?_lsu_sa_=6C618716E38A3DF4DD4C65C63DA13448E5673675E201D2F039E0C1a0F6613D2605aEE3F43F927246801D3A7102bFB1FD0C2F6180371754ADD1DA405A903AD01F4BC05BDD3F20E456DC65A4DACE3E4ED905D86D846B1537FE3B3A764D3A57455B3F12D917AE8B82D0FB0D0EF3E1BFF367B2C6FD363047EA79BB823983F4FA47E7&v=3
[+] Decrypting /root/.config/chromium/Default/Cookies with domain filter '%imbc.com%' (linux)
MBC Music https://mbcmottsd.imbc.com/plus_mbcm_sd/_definst_/mbcm_sd.stream/chunklist.m3u8?_lsu_sa_=6441A81043053D541C4F15D23A81774615E63D85D50A22D93CA0BDa346543896D4a173423532F74510413D91EDbF6142392D4EDFC942FDA500261D48D2B0090F976F58E5AE6DCC49CCEF990BBF99D2C4377003E5528D7518B640F608FF7226426C0CC718EB37D60AB2895C9C7345EEE7&v=3
[+] Decrypting /root/.config/chromium/Default/Cookies with domain filter '%imbc.com%' (linux)
MBC On https://mbconottsd.imbc.com/plus_mbcon_sd/_definst_/mbcon_sd.stream/chunklist.m3u8?_lsu_sa_=67413019A30A3B540141055A3E11BD47657E3EC55600D2993BF0B7a946F438C691a2D3153612364610493441F0b001C65D5ADB44558F4B83326298022C06498B7501657D06A9481800C7ABD921CB5ADAEDBDD4CA0DFF57E72E75073131374239DCCE22284BE11B2A18CC9D00467A3365D4B87ECDBA2DEDB0286D17BC3033D2DD&v=3
[19209:19209:0712/070132.951303:ERROR:zygote_communication_linux.cc(291)] Failed to send GetTerminationStatus message to zygote
[19209:19209:0712/070132.982947:ERROR:zygote_communication_linux.cc(291)] Failed to send GetTerminationStatus message to zygote
@2024-07-12 15:01:33: SBS channel crawling: /navertv/SBS.sh
@2024-07-12 15:01:40: i.mjh.nz channel crawling: /i.mjh.nz/convertm3u8Tojson.py
download m3u8 file start
download m3u8 file success https://i.mjh.nz/SamsungTVPlus/kr.m3u8
download m3u8 file start
download m3u8 file success https://i.mjh.nz/SamsungTVPlus/us.m3u8
@2024-07-12 15:01:43: Latest Json File Making: Navertv/tving/mjh: /navertv/navertvJson.py
Write Channel Data of KBS
Write Channel Data of KBS2
Write Channel Data of KBS드라마
Write Channel Data of KBS Joy
Write Channel Data of KBS Kids
Write Channel Data of KBS Life
Write Channel Data of KBS Story
Write Channel Data of KBS World
Write Channel Data of KBS뉴스
Write Channel Data of SBS
Write Channel Data of SBS Plus
Write Channel Data of SBS Fune
Write Channel Data of SBS MTV
Write Channel Data of SBS Golf
Write Channel Data of SBS Biz
Write Channel Data of MBC
Write Channel Data of MBC드라마
Write Channel Data of MBC Every1
Write Channel Data of MBC On
Write Channel Data of MBC Net
merged Json: naver + i.mjh.nz: kr
Write Channel Data of 한국영화1
Write Channel Data of 한국영화2
Write Channel Data of 한국영화3
Write Channel Data of 아리랑
Write Channel Data of 서울TV
Write Channel Data of ABN
Write Channel Data of 농협TV
Write Channel Data of 복지TV
Write Channel Data of 국민방송
Write Channel Data of 국회방송
Write Channel Data of K-POP
Write Channel Data of 방송대학
Write Channel Data of EBS1
Write Channel Data of EBS2
Write Channel Data of EBS+1
Write Channel Data of EBS+2
Write Channel Data of EBS English
Write Channel Data of CCTV-1 综合
Write Channel Data of CCTV-2 财经
Write Channel Data of CCTV-3 综艺
Write Channel Data of CCTV-4 中文国际
Write Channel Data of CCTV-5 体育
Write Channel Data of CCTV-5+ 体育赛事
Write Channel Data of CCTV-16 奥林匹克
Write Channel Data of 五星体育
Write Channel Data of CCTV-6 电影
Write Channel Data of CHC影迷电影
Write Channel Data of CHC家庭影院
Write Channel Data of CHC动作电影
Write Channel Data of CCTV-7 国防军事
Write Channel Data of CCTV-8 电视剧
Write Channel Data of CCTV-9 纪录
Write Channel Data of CCTV-10 科教
Write Channel Data of CCTV-11 戏曲
Write Channel Data of CCTV-12 社会与法
Write Channel Data of CCTV-13 新闻
Write Channel Data of CCTV-14 少儿
Write Channel Data of CCTV-15 音乐
Write Channel Data of CCTV-17 农业农村
Write Channel Data of CCTV-4K 超高清
except code: <urlopen error [Errno -2] Name or service not known> https://tv.cry33.com/ys4k.php?id=8k
skip channel: CCTV-8K 超高清
Write Channel Data of CGTN纪录
Write Channel Data of 延边卫视
Write Channel Data of 北京卫视
Write Channel Data of 东方卫视
Write Channel Data of 天津卫视
Write Channel Data of 重庆卫视
Write Channel Data of 龙江卫视
Write Channel Data of 辽宁卫视
Write Channel Data of 山东卫视
Write Channel Data of 安徽卫视
Write Channel Data of 湖南卫视
Write Channel Data of 江苏卫视
Write Channel Data of 浙江卫视
Write Channel Data of 广东卫视
Write Channel Data of 深圳卫视
Write Channel Data of 广西卫视
Write Channel Data of 四川卫视
Write Channel Data of 湖北卫视
Write Channel Data of 江西卫视
Write Channel Data of 河北卫视
Write Channel Data of 河南卫视
Write Channel Data of 海南卫视
Write Channel Data of 东南卫视
Write Channel Data of 贵州卫视
Write Channel Data of 吉林卫视
Write Channel Data of 甘肃卫视
Write Channel Data of 山西卫视
Write Channel Data of 内蒙卫视
Write Channel Data of 宁夏卫视
Write Channel Data of 陕西卫视
Write Channel Data of 云南卫视
Write Channel Data of 青海卫视
Write Channel Data of 新疆卫视
Write Channel Data of 三沙卫视
Write Channel Data of 兵团卫视
Write Channel Data of 凤凰中文
Write Channel Data of 凤凰资讯
Write Channel Data of 凤凰香港
Write Channel Data of 中天新闻
Write Channel Data of 中天综合
Write Channel Data of 中天娱乐
Write Channel Data of 中天亚洲
Write Channel Data of 中视新闻
Write Channel Data of 中视HD
Write Channel Data of 中视经典
Write Channel Data of TVBS HD
Write Channel Data of TVBS新闻
Write Channel Data of TVBS欢乐
Write Channel Data of 东森新闻
Write Channel Data of 东森财经
Write Channel Data of 东森电影
Write Channel Data of 东森戏剧
Write Channel Data of 东森综合
Write Channel Data of 东森洋片
Write Channel Data of 非凡新闻
Write Channel Data of 年代新闻
Write Channel Data of 寰宇新闻
Write Channel Data of 澳亚卫视
Write Channel Data of TVBS
Write Channel Data of 民视新闻 HD
Write Channel Data of 台视新闻
Write Channel Data of TVB娛樂新聞
Write Channel Data of 香港衛視
Write Channel Data of CNN
Write Channel Data of BBC
Write Channel Data of FashionTV
Write Channel Data of NHKWorld
Write Channel Data of ANTV
merged Json: naver + i.mjh.nz: us
merged Json: naver + tving
Json Check Success: /mnt/mmc1-4/github/kenpark76.github.io/koreatv.json
@2024-07-12 15:02:21: automatic github push
@2024-07-12 15:02:21: ssh -T git@github.com
ssh_exchange_identification: Connection closed by remote host
@2024-07-12 15:02:22: git add koreatv.json
@2024-07-12 15:02:22: git commit -m
[main 9f6b945] automatic push @2024-07-12 15:02:22
 1 file changed, 27 insertions(+), 20 deletions(-)
@2024-07-12 15:02:22: git fetch origin main
From https://github.com/kenpark76/kenpark76.github.io
 * branch            main       -> FETCH_HEAD
   5b69a08..345cd53  main       -> origin/main
@2024-07-12 15:02:24: git merge origin/main
Already up to date.
@2024-07-12 15:02:24: git push origin main...
To https://github.com/kenpark76/kenpark76.github.io.git
   345cd53..9f6b945  main -> main
@2024-07-12 15:02:27: push finished
